#-----------------------------------------------------------
# PlanAhead v14.2 (64-bit)
# Build 194362 by xbuild on Fri Jul 20 18:49:25 MDT 2012
# Start of session at: Fri May  9 14:49:21 2014
# Process ID: 6563
# Log file: /home/zel/elgf2/projects/blkram/bram/planAhead_run_1/planAhead.log
# Journal file: /home/zel/elgf2/projects/blkram/bram/planAhead_run_1/planAhead.jou
#-----------------------------------------------------------
INFO: [Common 17-78] Attempting to get a license: PlanAhead
INFO: [Common 17-290] Got license for PlanAhead
INFO: [Common 17-86] Your PlanAhead license expires in -524 day(s)
INFO: [Device 21-36] Loading parts and site information from /usr4/Xilinx/14.2/ISE_DS/PlanAhead/data/parts/arch.xml
Parsing RTL primitives file [/usr4/Xilinx/14.2/ISE_DS/PlanAhead/data/parts/xilinx/rtl/prims/rtl_prims.xml]
Finished parsing RTL primitives file [/usr4/Xilinx/14.2/ISE_DS/PlanAhead/data/parts/xilinx/rtl/prims/rtl_prims.xml]
start_gui
source /home/zel/elgf2/projects/blkram/bram/pa.fromNcd.tcl
# create_project -name bram -dir "/home/zel/elgf2/projects/blkram/bram/planAhead_run_1" -part xc3s50pq208-5
Parsing template File [/usr4/Xilinx/14.2/ISE_DS/ISE/data/projnav/templates/verilog.xml].
Finished parsing template File [/usr4/Xilinx/14.2/ISE_DS/ISE/data/projnav/templates/verilog.xml].
Parsing template File [/usr4/Xilinx/14.2/ISE_DS/ISE/data/projnav/templates/vhdl.xml].
Finished parsing template File [/usr4/Xilinx/14.2/ISE_DS/ISE/data/projnav/templates/vhdl.xml].
Parsing template File [/usr4/Xilinx/14.2/ISE_DS/ISE/data/projnav/templates/ucf.xml].
Finished parsing template File [/usr4/Xilinx/14.2/ISE_DS/ISE/data/projnav/templates/ucf.xml].
create_project: Time (s): cpu = 00:00:10 ; elapsed = 00:14:29 . Memory (MB): peak = 2713.098 ; gain = 15.020
# set srcset [get_property srcset [current_run -impl]]
# set_property design_mode GateLvl $srcset
# set_property edif_top_file "/home/zel/elgf2/projects/blkram/bram/ram_piped.ngc" [ get_property srcset [ current_run ] ]
# add_files -norecurse { {/home/zel/elgf2/projects/blkram/bram} }
# set_property target_constrs_file "ram_piped.ucf" [current_fileset -constrset]
Adding file '/home/zel/elgf2/projects/blkram/bram/ram_piped.ucf' to fileset 'constrs_1'
# add_files [list {ram_piped.ucf}] -fileset [get_property constrset [current_run]]
# link_design
Design is defaulting to srcset: sources_1
Design is defaulting to constrset: constrs_1
Design is defaulting to project part: xc3s50pq208-5
Release 14.2 - ngc2edif P.28xd (lin64)
Copyright (c) 1995-2012 Xilinx, Inc.  All rights reserved.

Release 14.2 - ngc2edif P.28xd (lin64)
Copyright (c) 1995-2012 Xilinx, Inc.  All rights reserved.
Reading design ram_piped.ngc ...
WARNING:NetListWriters:298 - No output is written to ram_piped.xncf, ignored.
Processing design ...
   Preping design's networks ...
   Preping design's macros ...
  finished :Prep
Writing EDIF netlist file ram_piped.edif ...
ngc2edif: Total memory usage is 102980 kilobytes

Parsing EDIF File [./planAhead_run_1/bram.data/cache/ram_piped_ngc_ebd2b740.edif]
Finished Parsing EDIF File [./planAhead_run_1/bram.data/cache/ram_piped_ngc_ebd2b740.edif]
INFO: [Designutils 20-910] Reading macro library /usr4/Xilinx/14.2/ISE_DS/PlanAhead/data/./parts/xilinx/spartan3/hd_int_macros.edn
Parsing EDIF File [/usr4/Xilinx/14.2/ISE_DS/PlanAhead/data/./parts/xilinx/spartan3/hd_int_macros.edn]
Finished Parsing EDIF File [/usr4/Xilinx/14.2/ISE_DS/PlanAhead/data/./parts/xilinx/spartan3/hd_int_macros.edn]
Loading clock regions from /usr4/Xilinx/14.2/ISE_DS/PlanAhead/data/parts/xilinx/spartan3/spartan3/xc3s50/ClockRegion.xml
Loading clock buffers from /usr4/Xilinx/14.2/ISE_DS/PlanAhead/data/parts/xilinx/spartan3/spartan3/xc3s50/ClockBuffers.xml
Loading package from /usr4/Xilinx/14.2/ISE_DS/PlanAhead/data/parts/xilinx/spartan3/spartan3/xc3s50/pq208/Package.xml
Loading io standards from /usr4/Xilinx/14.2/ISE_DS/PlanAhead/data/./parts/xilinx/spartan3/IOStandards.xml
INFO: [Device 21-19] Loading pkg sso from /usr4/Xilinx/14.2/ISE_DS/PlanAhead/data/parts/xilinx/spartan3/spartan3/xc3s50/pq208/SSORules.xml
Loading list of drcs for the architecture : /usr4/Xilinx/14.2/ISE_DS/PlanAhead/data/./parts/xilinx/spartan3/drc.xml
INFO: [Timing 38-77] Reading timing library /usr4/Xilinx/14.2/ISE_DS/PlanAhead/data/parts/xilinx/spartan3/spartan3/spartan3-5.lib.
INFO: [Timing 38-34] Done reading timing library /usr4/Xilinx/14.2/ISE_DS/PlanAhead/data/parts/xilinx/spartan3/spartan3/spartan3-5.lib.
Parsing UCF File [/home/zel/elgf2/projects/blkram/bram/ram_piped.ucf]
Finished Parsing UCF File [/home/zel/elgf2/projects/blkram/bram/ram_piped.ucf]
INFO: [Project 1-111] Unisim Transformation Summary:
  A total of 1 instances were transformed.
  BUFGP => BUFGP (HD_IBUFG, HD_BUFG): 1 instances

Phase 0 | Netlist Checksum: b39dfbfd
link_design: Time (s): cpu = 00:03:46 ; elapsed = 00:14:14 . Memory (MB): peak = 2798.926 ; gain = 79.820
# read_xdl -file "/home/zel/elgf2/projects/blkram/bram/ram_piped.ncd"
Release 14.2 - xdl P.28xd (lin64)
Copyright (c) 1995-2012 Xilinx, Inc.  All rights reserved.

WARNING:XDL:213 - The resulting xdl output will not have LUT equation strings or RAM INIT strings.
Loading device for application Rf_Device from file '3s50.nph' in environment /usr4/Xilinx/14.2/ISE_DS/ISE/.
   "ram_piped" is an NCD, version 3.2, device xc3s50, package pq208, speed -5
Successfully converted design '/home/zel/elgf2/projects/blkram/bram/ram_piped.ncd' to '/home/zel/elgf2/projects/blkram/bram/ram_piped.xdl'.
INFO: [Designutils 20-669] Parsing Placement File : /home/zel/elgf2/projects/blkram/bram/ram_piped.ncd
INFO: [Designutils 20-658] Finished Parsing Placement File : /home/zel/elgf2/projects/blkram/bram/ram_piped.ncd
INFO: [Designutils 20-671] Placed 156 instances
read_xdl: Time (s): cpu = 00:01:32 ; elapsed = 00:15:17 . Memory (MB): peak = 2798.926 ; gain = 0.000
# if {[catch {read_twx -name results_1 -file "/home/zel/elgf2/projects/blkram/bram/ram_piped.twx"} eInfo]} {
#    puts "WARNING: there was a problem importing \"/home/zel/elgf2/projects/blkram/bram/ram_piped.twx\": $eInfo"
# }
read_twx: Time (s): cpu = 00:00:01 ; elapsed = 00:00:23 . Memory (MB): peak = 2802.957 ; gain = 4.031
ERROR: 'rdi::source' was cancelled
exit
INFO: [Common 17-206] Exiting PlanAhead...
INFO: [Common 17-83] Releasing license: PlanAhead
