Release 14.2 - ngc2edif P.28xd (lin64)
Copyright (c) 1995-2012 Xilinx, Inc.  All rights reserved.
Reading design ram_piped.ngc ...
WARNING:NetListWriters:298 - No output is written to ram_piped.xncf, ignored.
Processing design ...
   Preping design's networks ...
   Preping design's macros ...
  finished :Prep
Writing EDIF netlist file ram_piped.edif ...
ngc2edif: Total memory usage is 102980 kilobytes

Release 14.7 - ngc2edif P.20131013 (lin64)
Copyright (c) 1995-2013 Xilinx, Inc.  All rights reserved.
Reading design ram_piped.ngc ...
WARNING:NetListWriters:298 - No output is written to ram_piped.xncf, ignored.
Processing design ...
   Preping design's networks ...
   Preping design's macros ...
  finished :Prep
Writing EDIF netlist file ram_piped.edif ...
ngc2edif: Total memory usage is 104008 kilobytes

